Log file open, 06/16/17 22:42:16
LogInit:Display: Running engine for game: SuperHot
LogPlatformFile: Not using cached read wrapper
LogInit:Display: RandInit(-1419974326) SRandInit(-1419974326).
LogTaskGraph: Started task graph with 5 named threads and 8 total threads with 1 sets of task threads.
LogStats: Stats thread started at 0.080362
LogInit: Using libcurl 7.47.1
LogInit:  - built for x86_64-pc-win32
LogInit:  - supports SSL with OpenSSL/1.0.2g
LogInit:  - supports HTTP deflate (compression) using libz 1.2.8
LogInit:  - other features:
LogInit:      CURL_VERSION_SSL
LogInit:      CURL_VERSION_LIBZ
LogInit:      CURL_VERSION_IPV6
LogInit:      CURL_VERSION_ASYNCHDNS
LogInit:      CURL_VERSION_LARGEFILE
LogInit:      CURL_VERSION_IDN
LogInit:  CurlRequestOptions (configurable via config and command line):
LogInit:  - bVerifyPeer = false  - Libcurl will NOT verify peer certificate
LogInit:  - bUseHttpProxy = false  - Libcurl will NOT use HTTP proxy
LogInit:  - bDontReuseConnections = false  - Libcurl will reuse connections
LogInit:  - CertBundlePath = nullptr  - Libcurl will use whatever was configured at build time.
LogInit: Build: ++UE4+Release-4.16-CL-3466753
LogInit: Engine Version: 4.16.1-3466753+++UE4+Release-4.16
LogInit: Compatible Engine Version: 4.16.0-3452394+++UE4+Release-4.16
LogInit: Net CL: 3452394
LogDevObjectVersion: Number of dev versions registered: 16
LogDevObjectVersion:   Dev-Blueprints (B0D832E4-1F89-4F0D-ACCF-7EB736FD4AA2): 9
LogDevObjectVersion:   Dev-Build (E1C64328-A22C-4D53-A36C-8E866417BD8C): 0
LogDevObjectVersion:   Dev-Core (375EC13C-06E4-48FB-B500-84F0262A717E): 2
LogDevObjectVersion:   Dev-Editor (E4B068ED-F494-42E9-A231-DA0B2E46BB41): 17
LogDevObjectVersion:   Dev-Framework (CFFC743F-43B0-4480-9391-14DF171D2073): 23
LogDevObjectVersion:   Dev-Mobile (B02B49B5-BB20-44E9-A304-32B752E40360): 0
LogDevObjectVersion:   Dev-Networking (A4E4105C-59A1-49B5-A7C5-40C4547EDFEE): 0
LogDevObjectVersion:   Dev-Online (39C831C9-5AE6-47DC-9A44-9C173E1C8E7C): 0
LogDevObjectVersion:   Dev-Physics (78F01B33-EBEA-4F98-B9B4-84EACCB95AA2): 0
LogDevObjectVersion:   Dev-Platform (6631380F-2D4D-43E0-8009-CF276956A95A): 0
LogDevObjectVersion:   Dev-Rendering (12F88B9F-8875-4AFC-A67C-D90C383ABD29): 15
LogDevObjectVersion:   Dev-Sequencer (7B5AE74C-D270-4C10-A958-57980B212A5A): 4
LogDevObjectVersion:   Dev-VR (D7296918-1DD6-4BDD-9DE2-64A83CC13884): 0
LogDevObjectVersion:   Dev-LoadTimes (C2A15278-BFE7-4AFE-6C17-90FF531DF755): 1
LogDevObjectVersion:   Private-Geometry (6EACA3D4-40EC-4CC1-B786-8BED09428FC5): 1
LogDevObjectVersion:   Dev-AnimPhys (29E575DD-E0A3-4627-9D10-D276232CDCEA): 3
LogInit: Compiled (64-bit): May 31 2017 02:03:30
LogInit: Compiled with Visual C++: 19.00.24215.01
LogInit: Build Configuration: Development
LogInit: Branch Name: ++UE4+Release-4.16
LogInit: Command line: -EpicPortal 
LogInit: Base directory: C:/Program Files/Epic Games/UE_4.16/Engine/Binaries/Win64/
LogInit: Installed Engine Build: 1
LogInit: Presizing for max 8388607 objects, including 0 objects not considered by GC, pre-allocating 0 bytes for permanent pool.
LogInit: Object subsystem initialized
[2017.06.17-05.42.17:100][  0]LogInit: Selected Device Profile: [Windows]
[2017.06.17-05.42.17:100][  0]LogInit: Applying CVar settings loaded from the selected device profile: [Windows]
[2017.06.17-05.42.17:105][  0]LogInit: Computer: DESKTOP-AUU9E55
[2017.06.17-05.42.17:105][  0]LogInit: User: Luis
[2017.06.17-05.42.17:105][  0]LogInit: CPU Page size=4096, Cores=4
[2017.06.17-05.42.17:105][  0]LogInit: High frequency timer resolution =3.914065 MHz
[2017.06.17-05.42.17:105][  0]LogMemory: Memory total: Physical=8.0GB (8GB approx)
[2017.06.17-05.42.17:105][  0]LogMemory: Platform Memory Stats for Windows
[2017.06.17-05.42.17:105][  0]LogMemory: Process Physical Memory: 272.03 MB used, 272.03 MB peak
[2017.06.17-05.42.17:105][  0]LogMemory: Process Virtual Memory: 261.10 MB used, 261.10 MB peak
[2017.06.17-05.42.17:105][  0]LogMemory: Physical Memory: 5670.43 MB used,  2481.32 MB free, 8151.74 MB total
[2017.06.17-05.42.17:105][  0]LogMemory: Virtual Memory: 636.04 MB used,  2481.32 MB free, 134217728.00 MB total
[2017.06.17-05.42.17:180][  0]LogInit: Using OS detected language (en-US).
[2017.06.17-05.42.17:180][  0]LogInit: Using OS detected locale (en-US).
[2017.06.17-05.42.17:182][  0]LogTextLocalizationManager: No specific localization for 'en-US' exists, so the 'en' localization will be used.
[2017.06.17-05.42.17:969][  0]LogD3D11RHI: D3D11 adapters:
[2017.06.17-05.42.18:483][  0]LogD3D11RHI:    0. 'NVIDIA GeForce GTX 950' (Feature Level 11_0)
[2017.06.17-05.42.18:483][  0]LogD3D11RHI:       2017/0/4075 MB DedicatedVideo/DedicatedSystem/SharedSystem, Outputs:1, VendorId:0x10de
[2017.06.17-05.42.18:484][  0]LogD3D11RHI:    1. 'Microsoft Basic Render Driver' (Feature Level 11_0)
[2017.06.17-05.42.18:484][  0]LogD3D11RHI:       0/0/4075 MB DedicatedVideo/DedicatedSystem/SharedSystem, Outputs:0, VendorId:0x1414
[2017.06.17-05.42.18:484][  0]LogD3D11RHI: Chosen D3D11 Adapter: 0
[2017.06.17-05.42.18:489][  0]LogD3D11RHI: Creating new Direct3DDevice
[2017.06.17-05.42.18:489][  0]LogD3D11RHI:     GPU DeviceId: 0x1402 (for the marketing name, search the web for "GPU Device Id")
[2017.06.17-05.42.18:489][  0]LogWindows: EnumDisplayDevices:
[2017.06.17-05.42.18:489][  0]LogWindows:    0. 'NVIDIA GeForce GTX 950' (P:1 D:1)
[2017.06.17-05.42.18:489][  0]LogWindows:    1. 'NVIDIA GeForce GTX 950' (P:0 D:0)
[2017.06.17-05.42.18:490][  0]LogWindows:    2. 'NVIDIA GeForce GTX 950' (P:0 D:0)
[2017.06.17-05.42.18:490][  0]LogWindows:    3. 'NVIDIA GeForce GTX 950' (P:0 D:0)
[2017.06.17-05.42.18:490][  0]LogWindows: DebugString: FoundDriverCount:4 
[2017.06.17-05.42.18:490][  0]LogD3D11RHI:     Adapter Name: NVIDIA GeForce GTX 950
[2017.06.17-05.42.18:490][  0]LogD3D11RHI:   Driver Version: 382.53 (internal:22.21.13.8253, unified:382.53)
[2017.06.17-05.42.18:490][  0]LogD3D11RHI:      Driver Date: 6-7-2017
[2017.06.17-05.42.18:490][  0]LogRHI: Texture pool is 1361 MB (70% of 1945 MB)
[2017.06.17-05.42.18:946][  0]LogD3D11RHI: Async texture creation enabled
[2017.06.17-05.42.18:970][  0]LogD3D11RHI: GPU Timing Frequency: 1000.000000 (Debug: 2 1)
[2017.06.17-05.42.19:017][  0]LogShaderCompilers: Guid format shader working directory is -9 characters bigger than the processId version (../../../../../../Development/Unreal Projects/SuperHot/Intermediate/Shaders/WorkingDirectory/8916/).
[2017.06.17-05.42.19:017][  0]LogShaderCompilers: Cleaned the shader compiler working directory 'C:/Users/Luis/AppData/Local/Temp/UnrealShaderWorkingDir/8D7744884B77F0CEFF48B18454E4422A/'.
[2017.06.17-05.42.19:017][  0]LogShaderCompilers:Display: Using Local Shader Compiler.
[2017.06.17-05.42.19:849][  0]LogTemp:Display: Loaded TP AllDesktopTargetPlatform
[2017.06.17-05.42.19:885][  0]LogTemp:Display: Loaded TP MacClientTargetPlatform
[2017.06.17-05.42.19:923][  0]LogTemp:Display: Loaded TP MacNoEditorTargetPlatform
[2017.06.17-05.42.19:994][  0]LogTemp:Display: Loaded TP MacServerTargetPlatform
[2017.06.17-05.42.20:099][  0]LogTemp:Display: Loaded TP MacTargetPlatform
[2017.06.17-05.42.20:135][  0]LogTemp:Display: Loaded TP WindowsClientTargetPlatform
[2017.06.17-05.42.20:171][  0]LogTemp:Display: Loaded TP WindowsNoEditorTargetPlatform
[2017.06.17-05.42.20:209][  0]LogTemp:Display: Loaded TP WindowsServerTargetPlatform
[2017.06.17-05.42.20:242][  0]LogTemp:Display: Loaded TP WindowsTargetPlatform
[2017.06.17-05.42.20:278][  0]LogTemp:Display: Loaded TP AndroidTargetPlatform
[2017.06.17-05.42.20:314][  0]LogTemp:Display: Loaded TP Android_ASTCTargetPlatform
[2017.06.17-05.42.20:350][  0]LogTemp:Display: Loaded TP Android_ATCTargetPlatform
[2017.06.17-05.42.20:384][  0]LogTemp:Display: Loaded TP Android_DXTTargetPlatform
[2017.06.17-05.42.20:420][  0]LogTemp:Display: Loaded TP Android_ETC1TargetPlatform
[2017.06.17-05.42.20:471][  0]LogTemp:Display: Loaded TP Android_ETC2TargetPlatform
[2017.06.17-05.42.20:547][  0]LogTemp:Display: Loaded TP Android_MultiTargetPlatform
[2017.06.17-05.42.20:547][  0]LogTemp:Display: Loaded TP Android_PVRTCTargetPlatform
[2017.06.17-05.42.20:574][  0]LogTemp:Display: Loaded TP HTML5TargetPlatform
[2017.06.17-05.42.20:646][  0]LogTemp:Display: Loaded TP IOSTargetPlatform
[2017.06.17-05.42.20:667][  0]LogTemp:Display: Loaded TP TVOSTargetPlatform
[2017.06.17-05.42.20:702][  0]LogTemp:Display: Loaded TP LinuxClientTargetPlatform
[2017.06.17-05.42.20:736][  0]LogTemp:Display: Loaded TP LinuxNoEditorTargetPlatform
[2017.06.17-05.42.20:771][  0]LogTemp:Display: Loaded TP LinuxServerTargetPlatform
[2017.06.17-05.42.20:807][  0]LogTemp:Display: Loaded TP LinuxTargetPlatform
[2017.06.17-05.42.20:807][  0]LogTargetPlatformManager:Display: Building Assets For Windows
[2017.06.17-05.42.21:185][  0]LogDerivedDataCache:Display: Max Cache Size: 512 MB
[2017.06.17-05.42.21:287][  0]LogDerivedDataCache: Loaded boot cache 0.10s 90MB C:/Users/Luis/AppData/Local/UnrealEngine/4.16/DerivedDataCache/Boot.ddc.
[2017.06.17-05.42.21:287][  0]LogDerivedDataCache:Display: Loaded Boot cache: C:/Users/Luis/AppData/Local/UnrealEngine/4.16/DerivedDataCache/Boot.ddc
[2017.06.17-05.42.21:287][  0]LogDerivedDataCache: FDerivedDataBackendGraph:  Pak pak cache file ../../../../../../Development/Unreal Projects/SuperHot/DerivedDataCache/DDC.ddp not found, will not use a pak cache.
[2017.06.17-05.42.21:287][  0]LogDerivedDataCache: Unable to find inner node Pak for hierarchical cache Hierarchy.
[2017.06.17-05.42.21:287][  0]LogDerivedDataCache: FDerivedDataBackendGraph:  CompressedPak pak cache file ../../../../../../Development/Unreal Projects/SuperHot/DerivedDataCache/Compressed.ddp not found, will not use a pak cache.
[2017.06.17-05.42.21:287][  0]LogDerivedDataCache: Unable to find inner node CompressedPak for hierarchical cache Hierarchy.
[2017.06.17-05.42.21:301][  0]LogDerivedDataCache:Display: Pak cache opened for reading ../../../Engine/DerivedDataCache/Compressed.ddp.
[2017.06.17-05.42.21:313][  0]LogDerivedDataCache: Using Local data cache path C:/Users/Luis/AppData/Local/UnrealEngine/Common/DerivedDataCache: Writable
[2017.06.17-05.42.21:321][  0]LogMaterial: Verifying Global Shaders for PCD3D_SM5
[2017.06.17-05.42.21:321][  0]LogSlate: Using Freetype 2.6.0
[2017.06.17-05.42.21:321][  0]LogSlate: SlateFontCache - WITH_FREETYPE: 1, WITH_HARFBUZZ: 1
[2017.06.17-05.42.21:321][  0]LogSlate: SlateFontCache - WITH_FREETYPE: 1, WITH_HARFBUZZ: 1
[2017.06.17-05.42.21:572][  0]LogInit: Selected Device Profile: [Windows]
[2017.06.17-05.42.21:642][  0]LogContentStreaming: Texture pool size is 0.00 MB
[2017.06.17-05.42.21:764][  0]LogMeshUtilities: Using QuadricMeshReduction for automatic static mesh reduction
[2017.06.17-05.42.21:795][  0]LogSimplygon: Simplygon DLL not present - disabling.
[2017.06.17-05.42.21:827][  0]LogMeshUtilities: Using SimplygonSwarm for distributed automatic mesh merging
[2017.06.17-05.42.21:827][  0]LogMeshUtilities: No automatic skeletal mesh reduction module available
[2017.06.17-05.42.21:827][  0]LogMeshUtilities: No automatic mesh merging module available
[2017.06.17-05.42.22:282][  0]LogNetVersion: SuperHot , NetCL: 3452394, EngineNetVer: 2, GameNetVer: 0 (Checksum: 4247086303)
[2017.06.17-05.42.22:335][  0]LogAssetRegistry: FAssetRegistry took 0.0240 seconds to start up
[2017.06.17-05.42.22:375][  0]LogPackageLocalizationCache: Processed 4 localized package path(s) for 2 prioritized culture(s) in 0.022754 seconds
[2017.06.17-05.42.22:380][  0]LogUObjectArray: 34194 objects as part of root set at end of initial load.
[2017.06.17-05.42.22:380][  0]LogUObjectAllocator: 7260424 out of 0 bytes used by permanent object pool.
[2017.06.17-05.42.22:380][  0]LogUObjectArray: CloseDisregardForGC: 0/0 objects in disregard for GC pool
[2017.06.17-05.42.22:436][  0]LogInit: WinSock: version 1.1 (2.2), MaxSocks=32767, MaxUdp=65467
[2017.06.17-05.42.24:327][  0]LogTcpMessaging: Initializing TcpMessaging bridge
[2017.06.17-05.42.24:362][  0]LogUdpMessaging: Initializing bridge on interface 0.0.0.0:0 to multicast group 230.0.0.1:6666.
[2017.06.17-05.42.24:746][  0]LogMaterial: Uniform references updated for custom material expression Custom.
[2017.06.17-05.42.25:029][  0]SourceControl: Info Source control is disabled
[2017.06.17-05.42.25:055][  0]SourceControl: Info Source control is disabled
[2017.06.17-05.42.25:089][  0]SourceControl: Info Source control is disabled
[2017.06.17-05.42.25:121][  0]SourceControl: Info Source control is disabled
[2017.06.17-05.42.25:590][  0]LogAndroidPermission: UAndroidPermissionCallbackProxy::GetInstance
[2017.06.17-05.42.26:009][  0]LogEngine: Initializing Engine...
[2017.06.17-05.42.26:010][  0]LogHMD: Failed to initialize OpenVR with code 110
[2017.06.17-05.42.26:201][  0]LogStats: UGameplayTagsManager::ConstructGameplayTagTree: Construct from data asset -  0.000 s
[2017.06.17-05.42.26:201][  0]LogStats: UGameplayTagsManager::ConstructGameplayTagTree: GameplayTagTreeChangedEvent.Broadcast -  0.000 s
[2017.06.17-05.42.26:299][  0]LogAIModule: Creating AISystem for world Untitled
[2017.06.17-05.42.26:305][  0]LogInit: XAudio2 using 'Headset Earphone (2- Corsair VOID RGB Wireless Gaming Headset)' : 6 channels at 48 kHz using 16 bits per sample (channel mask 0x3f)
[2017.06.17-05.42.26:315][  0]LogInit: FAudioDevice initialized.
[2017.06.17-05.42.26:365][  0]LogDerivedDataCache: Saved boot cache 0.05s 90MB C:/Users/Luis/AppData/Local/UnrealEngine/4.16/DerivedDataCache/Boot.ddc.
[2017.06.17-05.42.26:382][  0]LogInit: Texture streaming: Enabled
[2017.06.17-05.42.26:450][  0]LogEngineSessionManager: EngineSessionManager initialized
[2017.06.17-05.42.26:611][  0]LogInit: Transaction tracking system initialized
[2017.06.17-05.42.26:829][  0]BlueprintLog: New page: Editor Load
[2017.06.17-05.42.27:585][  0]LocalizationService: Info Localization service is disabled
[2017.06.17-05.42.28:281][  0]LogConsoleResponse:Display: 
[2017.06.17-05.42.28:422][  0]LogCook:Display: Max memory allowance for cook 16384mb min free memory 0mb
[2017.06.17-05.42.28:422][  0]LogCook:Display: Mobile HDR setting 1
[2017.06.17-05.42.29:098][  0]LogFileCache: Scanning file cache for directory 'C:/Development/Unreal Projects/SuperHot/Content/' took 0.01s
[2017.06.17-05.42.29:130][  0]SourceControl: Info Source control is disabled
[2017.06.17-05.42.29:130][  0]Cmd: MAP LOAD FILE="../../../../../../Development/Unreal Projects/SuperHot/Content/TopDownBP/Maps/TopDownExampleMap.umap" TEMPLATE=0 SHOWPROGRESS=1 FEATURELEVEL=3
[2017.06.17-05.42.29:131][  0]LightingResults: New page: Lighting Build
[2017.06.17-05.42.29:159][  0]MapCheck: New page: Map Check
[2017.06.17-05.42.29:159][  0]LightingResults: New page: Lighting Build
[2017.06.17-05.42.30:191][  0]LogMaterial: Missing cached shader map for material CubeMaterial, compiling. 
[2017.06.17-05.42.30:378][  0]LogAnimationCompression: Building Anim DDC data for AnimSequence /Game/Mannequin/Animations/ThirdPersonJump_Loop.ThirdPersonJump_Loop
[2017.06.17-05.42.30:892][  0]LogAnimationCompression: Building Anim DDC data for AnimSequence /Game/Mannequin/Animations/ThirdPersonJump_End.ThirdPersonJump_End
[2017.06.17-05.42.31:001][  0]LogAnimationCompression: Building Anim DDC data for AnimSequence /Game/Mannequin/Animations/ThirdPersonWalk.ThirdPersonWalk
[2017.06.17-05.42.31:029][  0]LogAnimationCompression: Building Anim DDC data for AnimSequence /Game/Mannequin/Animations/ThirdPersonRun.ThirdPersonRun
[2017.06.17-05.42.31:045][  0]LogAnimationCompression: Building Anim DDC data for AnimSequence /Game/Mannequin/Animations/ThirdPersonIdle.ThirdPersonIdle
[2017.06.17-05.42.31:212][  0]LogAnimationCompression: Building Anim DDC data for AnimSequence /Game/Mannequin/Animations/ThirdPersonJump_Start.ThirdPersonJump_Start
[2017.06.17-05.42.31:396][  0]LogTexture:Display: Building textures: T_ML_Rubber_Blue_01_D (AutoDXT, 512X512)
[2017.06.17-05.42.31:547][  0]LogTexture:Display: Building textures: T_ML_Rubber_Blue_01_N (BC5, 512X512)
[2017.06.17-05.42.31:574][  0]LogTexture:Display: Building textures: T_ML_Aluminum01 (AutoDXT, 512X512)
[2017.06.17-05.42.31:666][  0]LogTexture:Display: Building textures: T_ML_Aluminum01_N (BC5, 512X512)
[2017.06.17-05.42.31:693][  0]LogTexture:Display: Building textures: T_UE4_Mannequin_Mobile_M (AutoDXT, 1024X1024)
[2017.06.17-05.42.31:797][  0]LogTexture:Display: Building textures: T_UE4_Mannequin_Mobile_N (BC5, 1024X1024)
[2017.06.17-05.42.31:938][  0]LogMaterial: Missing cached shader map for material M_UE4Man_Body, compiling. 
[2017.06.17-05.42.32:194][  0]LogMaterial: Missing cached shader map for material M_UE4Man_Body, compiling. 
[2017.06.17-05.42.32:267][  0]LogAIModule: Creating AISystem for world TopDownExampleMap
[2017.06.17-05.42.32:762][  0]LogEditorServer: Finished looking for orphan Actors (0.000 secs)
[2017.06.17-05.42.32:955][  0]Cmd: MAP CHECKDEP NOCLEARLOG
[2017.06.17-05.42.32:991][  0]MapCheck: Info Map check complete: 0 Error(s), 0 Warning(s), took 36.754ms to complete.
[2017.06.17-05.42.32:991][  0]LogFileHelpers: Loading map 'TopDownExampleMap' took 3.861
[2017.06.17-05.42.33:047][  0]LogWindowsTextInputMethodSystem:Display: IME system now deactivated.
[2017.06.17-05.42.34:496][  0]LogCollectionManager: Loaded 0 collections in 0.001521 seconds
[2017.06.17-05.42.36:201][  0]LogFileCache: Scanning file cache for directory 'C:/Development/Unreal Projects/SuperHot/Saved/Collections/' took 0.01s
[2017.06.17-05.42.36:201][  0]LogFileCache: Scanning file cache for directory 'C:/Development/Unreal Projects/SuperHot/Content/Developers/Luis/Collections/' took 0.01s
[2017.06.17-05.42.36:201][  0]LogFileCache: Scanning file cache for directory 'C:/Development/Unreal Projects/SuperHot/Content/Collections/' took 0.01s
[2017.06.17-05.42.36:201][  0]LogCollectionManager: Rebuilt the GUID cache for 0 collections in 0.000002 seconds
[2017.06.17-05.42.36:342][  0]LogContentBrowser: Native class hierarchy populated in 0.0487 seconds. Added 2329 classes and 491 folders.
[2017.06.17-05.42.36:694][  0]LogContentBrowser: Native class hierarchy updated for 'WidgetCarousel' in 0.0004 seconds. Added 0 classes and 0 folders.
[2017.06.17-05.42.36:721][  0]LogContentBrowser: Native class hierarchy updated for 'AddContentDialog' in 0.0004 seconds. Added 0 classes and 0 folders.
[2017.06.17-05.42.37:221][  0]LogContentBrowser: Native class hierarchy updated for 'SceneOutliner' in 0.0005 seconds. Added 1 classes and 2 folders.
[2017.06.17-05.42.38:553][  0]LogCrashTracker: Crashtracker disabled due to settings.
[2017.06.17-05.42.38:653][  0]LogSlate: Took 0.000219 seconds to synchronously load lazily loaded font '../../../Engine/Content/Slate/Fonts/Roboto-Regular.ttf' (155K)
[2017.06.17-05.42.38:656][  0]LogSlate: Took 0.000249 seconds to synchronously load lazily loaded font '../../../Engine/Content/Slate/Fonts/Roboto-Bold.ttf' (160K)
[2017.06.17-05.42.38:696][  0]LogSlate: Took 0.017764 seconds to synchronously load lazily loaded font '../../../Engine/Content/Editor/Slate/Fonts/FontAwesome.ttf' (139K)
[2017.06.17-05.42.38:990][  0]LogRenderer: Reallocating scene render targets to support 1208x580 NumSamples 1 (Frame:1).
[2017.06.17-05.42.40:071][  0]LogUObjectGlobals:Warning: Failed to find object 'Class None.'
[2017.06.17-05.42.40:168][  0]LogContentBrowser: Native class hierarchy updated for 'HierarchicalLODOutliner' in 0.0008 seconds. Added 1 classes and 2 folders.
[2017.06.17-05.42.40:168][  0]LogLoad: (Engine Initialization) Total time: 24.17 seconds
[2017.06.17-05.42.40:168][  0]LogLoad: (Engine Initialization) Total Blueprint compile time: 0.26 seconds
[2017.06.17-05.42.40:168][  0]LogExternalProfiler: Found external profiler: VSPerf
[2017.06.17-05.42.40:168][  0]LogExternalProfiler: Using external profiler: VSPerf
[2017.06.17-05.42.40:185][  0]LogOcInput: OculusInput pre-init called
[2017.06.17-05.42.40:185][  0]LogHMD: Starting GearVRController plugin
[2017.06.17-05.42.40:217][  0]LogContentStreaming: Texture pool size now 400 MB
[2017.06.17-05.42.40:275][  0]LogSlate: Took 0.000168 seconds to synchronously load lazily loaded font '../../../Engine/Content/Slate/Fonts/Roboto-Light.ttf' (159K)
[2017.06.17-05.42.40:329][  1]LogAssetRegistry: Asset discovery search completed in 18.0157 seconds
[2017.06.17-05.42.40:333][  1]LogCollectionManager: Rebuilt the object cache for 0 collections in 0.000002 seconds (found 0 objects)
[2017.06.17-05.42.40:333][  1]LogCollectionManager: Fixed up redirectors for 0 collections in 0.000084 seconds (updated 0 objects)
[2017.06.17-05.43.40:760][687]LogSourceControl:Error: '../../../../../../Development/Unreal Projects/SuperHot/' is not part of a Git repository
[2017.06.17-05.44.08:988][ 50]LogSourceControl:Error: '../../../../../../Development/Unreal Projects/SuperHot/' is not part of a Git repository
[2017.06.17-05.44.08:989][ 50]SourceControl: Info Source control is disabled
[2017.06.17-05.44.47:153][138]SourceControl: Info On branch master
[2017.06.17-05.44.47:153][138]SourceControl: Info Initial commit
[2017.06.17-05.44.47:153][138]SourceControl: Info Untracked files:
[2017.06.17-05.44.47:153][138]SourceControl: Info   (use "git add <file>..." to include in what will be committed)
[2017.06.17-05.44.47:153][138]SourceControl: Info 	Unreal Projects/
[2017.06.17-05.44.47:153][138]SourceControl: Info nothing added to commit but untracked files present (use "git add" to track)
[2017.06.17-05.44.50:914][579]SourceControl: Info fatal: C:/Program Files/Epic Games/UE_4.16/Engine/Content/: 'C:/Program Files/Epic Games/UE_4.16/Engine/Content/' is outside repository
[2017.06.17-05.44.51:006][579]LogPackageName:Error: Illegal call to DoesPackageExist: '../../../../../../Development/Unreal Projects/SuperHot/SuperHot.uproject' is not a standard unreal filename or a long path name. Reason: Path should be no less than 4 characters long.
[2017.06.17-05.44.51:667][579]LogStats: FPlatformStackWalk::StackWalkAndDump -  0.661 s
[2017.06.17-05.44.51:667][579]LogOutputDevice:Error: === Handled ensure: ===
[2017.06.17-05.44.51:667][579]LogOutputDevice:Error: 
[2017.06.17-05.44.51:667][579]LogOutputDevice:Error: Ensure condition failed: false [File:D:\Build\++UE4+Release-4.16+Compile\Sync\Engine\Source\Runtime\CoreUObject\Private\Misc\PackageName.cpp] [Line: 674]
[2017.06.17-05.44.51:667][579]LogOutputDevice:Error: Illegal call to DoesPackageExist: '../../../../../../Development/Unreal Projects/SuperHot/SuperHot.uproject' is not a standard unreal filename or a long path name. Reason: Path should be no less than 4 characters long.
[2017.06.17-05.44.51:667][579]LogOutputDevice:Error: Stack: 
[2017.06.17-05.44.51:667][579]LogOutputDevice:Error: UE4Editor-Core.dll!0x00000000775AE1C6
[2017.06.17-05.44.51:667][579]LogOutputDevice:Error: UE4Editor-Core.dll!0x000000007735B7D2
[2017.06.17-05.44.51:667][579]LogOutputDevice:Error: UE4Editor-Core.dll!0x0000000077371D96
[2017.06.17-05.44.51:667][579]LogOutputDevice:Error: UE4Editor-CoreUObject.dll!0x0000000077AFE884
[2017.06.17-05.44.51:667][579]LogOutputDevice:Error: UE4Editor-SourceControl.dll!0x0000000084775EC2
[2017.06.17-05.44.51:667][579]LogOutputDevice:Error: UE4Editor-SourceControl.dll!0x0000000084776057
[2017.06.17-05.44.51:667][579]LogOutputDevice:Error: UE4Editor-SourceControlWindows.dll!0x000000005732390E
[2017.06.17-05.44.51:667][579]LogOutputDevice:Error: UE4Editor-SourceControlWindows.dll!0x00000000572E03C5
[2017.06.17-05.44.51:667][579]LogOutputDevice:Error: UE4Editor-SourceControlWindows.dll!0x00000000572DF99D
[2017.06.17-05.44.51:667][579]LogOutputDevice:Error: UE4Editor-SourceControlWindows.dll!0x00000000572F4114
[2017.06.17-05.44.51:667][579]LogOutputDevice:Error: UE4Editor-GitSourceControl.dll!0x00000000556D0549
[2017.06.17-05.44.51:667][579]LogOutputDevice:Error: UE4Editor-SourceControl.dll!0x000000008477A9AC
[2017.06.17-05.44.51:667][579]LogOutputDevice:Error: UE4Editor-UnrealEd.dll!0x0000000064CC3F1F
[2017.06.17-05.44.51:667][579]LogOutputDevice:Error: UE4Editor-UnrealEd.dll!0x00000000654E8AD6
[2017.06.17-05.44.51:667][579]LogOutputDevice:Error: UE4Editor.exe!0x000000007DB1E2B2
[2017.06.17-05.44.51:667][579]LogOutputDevice:Error: UE4Editor.exe!0x000000007DB0F0B0
[2017.06.17-05.44.51:667][579]LogOutputDevice:Error: UE4Editor.exe!0x000000007DB0F12A
[2017.06.17-05.44.51:667][579]LogOutputDevice:Error: UE4Editor.exe!0x000000007DB20CF9
[2017.06.17-05.44.51:667][579]LogOutputDevice:Error: UE4Editor.exe!0x000000007DB225F7
[2017.06.17-05.44.51:667][579]LogOutputDevice:Error: KERNEL32.DLL!0x00000000A1EE8364
[2017.06.17-05.44.51:667][579]LogOutputDevice:Error: ntdll.dll!0x00000000A4405E91
[2017.06.17-05.44.51:667][579]LogOutputDevice:Error: 
[2017.06.17-05.44.51:675][579]LogStats:                SubmitErrorReport -  0.000 s
[2017.06.17-05.44.57:956][579]LogStats:                    SendNewReport -  6.282 s
[2017.06.17-05.44.57:956][579]LogStats:             FDebug::EnsureFailed -  6.950 s
[2017.06.17-05.45.25:312][579]LogSourceControl: FGitCheckInWorker: commit successful
[2017.06.17-05.45.25:366][579]SourceControl:Error: Error *** Please tell me who you are.
[2017.06.17-05.45.25:366][579]SourceControl:Error: Error Run
[2017.06.17-05.45.25:366][579]SourceControl:Error: Error   git config --global user.email "you@example.com"
[2017.06.17-05.45.25:366][579]SourceControl:Error: Error   git config --global user.name "Your Name"
[2017.06.17-05.45.25:366][579]SourceControl:Error: Error to set your account's default identity.
[2017.06.17-05.45.25:366][579]SourceControl:Error: Error Omit --global to set the identity only in this repository.
[2017.06.17-05.45.25:366][579]SourceControl:Error: Error fatal: empty ident name (for <(null)>) not allowed
[2017.06.17-05.45.25:371][579]SourceControl: Info Submitted revision.
[2017.06.17-05.52.55:153][493]Cmd: QUIT_EDITOR
[2017.06.17-05.52.55:163][493]LogWindowsTextInputMethodSystem:Display: IME system now deactivated.
[2017.06.17-05.52.55:173][493]LogExit: Preparing to exit.
[2017.06.17-05.52.56:120][493]LogDirectoryWatcher: A directory notification for 'C:/Development/Unreal Projects/SuperHot/Content/' was aborted.
[2017.06.17-05.52.56:162][493]LogExit: Editor shut down
[2017.06.17-05.52.56:167][493]LogExit: Transaction tracking system shut down
[2017.06.17-05.52.56:214][493]LogObj: Freed 0b from 0 cluster array pools.
[2017.06.17-05.52.56:214][493]LogExit: Object subsystem successfully closed.
[2017.06.17-05.52.56:235][493]LogD3D11RHI: Shutdown
[2017.06.17-05.52.56:235][493]LogD3D11RHI: CleanupD3DDevice
[2017.06.17-05.52.56:299][493]LogD3D11RHI: ~FD3D11DynamicRHI
[2017.06.17-05.52.56:311][493]LogModuleManager: Shutting down and abandoning module HierarchicalLODOutliner (524)
[2017.06.17-05.52.56:311][493]LogModuleManager: Shutting down and abandoning module CrashTracker (522)
[2017.06.17-05.52.56:311][493]LogModuleManager: Shutting down and abandoning module SceneOutliner (520)
[2017.06.17-05.52.56:311][493]LogModuleManager: Shutting down and abandoning module AddContentDialog (518)
[2017.06.17-05.52.56:311][493]LogDirectoryWatcher: A directory notification for 'C:/Program Files/Epic Games/UE_4.16/FeaturePacks/' was aborted.
[2017.06.17-05.52.56:311][493]LogModuleManager: Shutting down and abandoning module WidgetCarousel (517)
[2017.06.17-05.52.56:311][493]LogModuleManager: Shutting down and abandoning module EditorWidgets (514)
[2017.06.17-05.52.56:311][493]LogModuleManager: Shutting down and abandoning module CollectionManager (512)
[2017.06.17-05.52.56:311][493]LogDirectoryWatcher: A directory notification for 'C:/Development/Unreal Projects/SuperHot/Content/Collections/' was aborted.
[2017.06.17-05.52.56:311][493]LogDirectoryWatcher: A directory notification for 'C:/Development/Unreal Projects/SuperHot/Content/Developers/Luis/Collections/' was aborted.
[2017.06.17-05.52.56:311][493]LogDirectoryWatcher: A directory notification for 'C:/Development/Unreal Projects/SuperHot/Saved/Collections/' was aborted.
[2017.06.17-05.52.56:311][493]LogModuleManager: Shutting down and abandoning module StatsViewer (510)
[2017.06.17-05.52.56:311][493]LogModuleManager: Shutting down and abandoning module FoliageEdit (508)
[2017.06.17-05.52.56:312][493]LogModuleManager: Shutting down and abandoning module LandscapeEditor (506)
[2017.06.17-05.52.56:312][493]LogModuleManager: Shutting down and abandoning module MeshPaintMode (504)
[2017.06.17-05.52.56:312][493]LogModuleManager: Shutting down and abandoning module SceneDepthPickerMode (502)
[2017.06.17-05.52.56:312][493]LogModuleManager: Shutting down and abandoning module ActorPickerMode (500)
[2017.06.17-05.52.56:312][493]LogModuleManager: Shutting down and abandoning module GeometryMode (498)
[2017.06.17-05.52.56:312][493]LogModuleManager: Shutting down and abandoning module TextureAlignMode (496)
[2017.06.17-05.52.56:312][493]LogModuleManager: Shutting down and abandoning module BspMode (494)
[2017.06.17-05.52.56:312][493]LogModuleManager: Shutting down and abandoning module HardwareSurvey (492)
[2017.06.17-05.52.56:312][493]LogModuleManager: Shutting down and abandoning module SequenceRecorderSections (490)
[2017.06.17-05.52.56:312][493]LogModuleManager: Shutting down and abandoning module AutomationWorker (488)
[2017.06.17-05.52.56:312][493]LogModuleManager: Shutting down and abandoning module MatineeToLevelSequence (486)
[2017.06.17-05.52.56:312][493]LogModuleManager: Shutting down and abandoning module LevelSequenceEditor (484)
[2017.06.17-05.52.56:312][493]LogModuleManager: Shutting down and abandoning module PlacementMode (483)
[2017.06.17-05.52.56:312][493]LogModuleManager: Shutting down and abandoning module WmfMediaFactory (480)
[2017.06.17-05.52.56:312][493]LogModuleManager: Shutting down and abandoning module WmfMediaEditor (478)
[2017.06.17-05.52.56:312][493]LogModuleManager: Shutting down and abandoning module AvfMediaFactory (476)
[2017.06.17-05.52.56:312][493]LogModuleManager: Shutting down and abandoning module AvfMediaEditor (474)
[2017.06.17-05.52.56:312][493]LogModuleManager: Shutting down and abandoning module AndroidMediaFactory (472)
[2017.06.17-05.52.56:312][493]LogModuleManager: Shutting down and abandoning module Media (471)
[2017.06.17-05.52.56:312][493]LogModuleManager: Shutting down and abandoning module AndroidMediaEditor (468)
[2017.06.17-05.52.56:312][493]LogModuleManager: Shutting down and abandoning module CharacterAI (466)
[2017.06.17-05.52.56:312][493]LogModuleManager: Shutting down and abandoning module AudioCapture (464)
[2017.06.17-05.52.56:312][493]LogModuleManager: Shutting down and abandoning module SequenceRecorder (463)
[2017.06.17-05.52.56:312][493]LogModuleManager: Shutting down and abandoning module SmartSnapping (460)
[2017.06.17-05.52.56:312][493]LogModuleManager: Shutting down and abandoning module SessionServices (458)
[2017.06.17-05.52.56:312][493]LogModuleManager: Shutting down and abandoning module ViewportSnapping (456)
[2017.06.17-05.52.56:312][493]LogModuleManager: Shutting down and abandoning module ViewportInteraction (454)
[2017.06.17-05.52.56:312][493]LogModuleManager: Shutting down and abandoning module ClothPainter (452)
[2017.06.17-05.52.56:312][493]LogModuleManager: Shutting down and abandoning module LogVisualizer (450)
[2017.06.17-05.52.56:312][493]LogModuleManager: Shutting down and abandoning module IntroTutorials (448)
[2017.06.17-05.52.56:312][493]LogModuleManager: Shutting down and abandoning module GameProjectGeneration (447)
[2017.06.17-05.52.56:312][493]LogModuleManager: Shutting down and abandoning module EditorLiveStreaming (444)
[2017.06.17-05.52.56:312][493]LogModuleManager: Shutting down and abandoning module IOSPlatformEditor (442)
[2017.06.17-05.52.56:312][493]LogModuleManager: Shutting down and abandoning module HTML5PlatformEditor (440)
[2017.06.17-05.52.56:312][493]LogModuleManager: Shutting down and abandoning module AndroidPlatformEditor (438)
[2017.06.17-05.52.56:312][493]LogModuleManager: Shutting down and abandoning module AndroidDeviceDetection (437)
[2017.06.17-05.52.57:133][493]LogModuleManager: Shutting down and abandoning module IOSRuntimeSettings (434)
[2017.06.17-05.52.57:133][493]LogModuleManager: Shutting down and abandoning module AndroidRuntimeSettings (432)
[2017.06.17-05.52.57:133][493]LogModuleManager: Shutting down and abandoning module InputBindingEditor (430)
[2017.06.17-05.52.57:133][493]LogModuleManager: Shutting down and abandoning module MergeActors (428)
[2017.06.17-05.52.57:133][493]LogModuleManager: Shutting down and abandoning module SizeMap (426)
[2017.06.17-05.52.57:133][493]LogModuleManager: Shutting down and abandoning module TreeMap (424)
[2017.06.17-05.52.57:133][493]LogModuleManager: Shutting down and abandoning module ReferenceViewer (422)
[2017.06.17-05.52.57:133][493]LogModuleManager: Shutting down and abandoning module LocalizationDashboard (420)
[2017.06.17-05.52.57:133][493]LogModuleManager: Shutting down and abandoning module LocalizationService (419)
[2017.06.17-05.52.57:133][493]LogModuleManager: Shutting down and abandoning module HardwareTargeting (416)
[2017.06.17-05.52.57:133][493]LogModuleManager: Shutting down and abandoning module DeviceProfileEditor (414)
[2017.06.17-05.52.57:133][493]LogModuleManager: Shutting down and abandoning module UndoHistory (412)
[2017.06.17-05.52.57:133][493]LogModuleManager: Shutting down and abandoning module UserFeedback (410)
[2017.06.17-05.52.57:133][493]LogModuleManager: Shutting down and abandoning module XmlParser (408)
[2017.06.17-05.52.57:133][493]LogModuleManager: Shutting down and abandoning module Blutility (406)
[2017.06.17-05.52.57:133][493]LogModuleManager: Shutting down and abandoning module ProjectSettingsViewer (404)
[2017.06.17-05.52.57:133][493]LogModuleManager: Shutting down and abandoning module ProjectTargetPlatformEditor (403)
[2017.06.17-05.52.57:134][493]LogModuleManager: Shutting down and abandoning module EditorSettingsViewer (400)
[2017.06.17-05.52.57:134][493]LogModuleManager: Shutting down and abandoning module SettingsEditor (398)
[2017.06.17-05.52.57:134][493]LogModuleManager: Shutting down and abandoning module ProjectLauncher (396)
[2017.06.17-05.52.57:134][493]LogModuleManager: Shutting down and abandoning module SessionFrontend (394)
[2017.06.17-05.52.57:134][493]LogModuleManager: Shutting down and abandoning module ProfilerClient (392)
[2017.06.17-05.52.57:134][493]LogModuleManager: Shutting down and abandoning module DeviceManager (390)
[2017.06.17-05.52.57:134][493]LogModuleManager: Shutting down and abandoning module TargetDeviceServices (389)
[2017.06.17-05.52.57:185][493]LogModuleManager: Shutting down and abandoning module AutomationController (386)
[2017.06.17-05.52.57:185][493]LogModuleManager: Shutting down and abandoning module AutomationWindow (384)
[2017.06.17-05.52.57:185][493]LogModuleManager: Shutting down and abandoning module Layers (382)
[2017.06.17-05.52.57:185][493]LogModuleManager: Shutting down and abandoning module ComponentVisualizers (380)
[2017.06.17-05.52.57:185][493]LogModuleManager: Shutting down and abandoning module DetailCustomizations (378)
[2017.06.17-05.52.57:185][493]LogModuleManager: Shutting down and abandoning module PackagesDialog (376)
[2017.06.17-05.52.57:185][493]LogModuleManager: Shutting down and abandoning module Persona (374)
[2017.06.17-05.52.57:185][493]LogModuleManager: Shutting down and abandoning module AdvancedPreviewScene (373)
[2017.06.17-05.52.57:185][493]LogModuleManager: Shutting down and abandoning module AnimGraph (371)
[2017.06.17-05.52.57:185][493]LogModuleManager: Shutting down and abandoning module Kismet (368)
[2017.06.17-05.52.57:186][493]LogModuleManager: Shutting down and abandoning module ClassViewer (366)
[2017.06.17-05.52.57:186][493]LogModuleManager: Shutting down and abandoning module Toolbox (364)
[2017.06.17-05.52.57:186][493]LogModuleManager: Shutting down and abandoning module ModuleUI (362)
[2017.06.17-05.52.57:186][493]LogModuleManager: Shutting down and abandoning module MovieSceneTools (360)
[2017.06.17-05.52.57:186][493]LogModuleManager: Shutting down and abandoning module OutputLog (358)
[2017.06.17-05.52.57:186][493]LogModuleManager: Shutting down and abandoning module GammaUI (356)
[2017.06.17-05.52.57:186][493]LogModuleManager: Shutting down and abandoning module Documentation (354)
[2017.06.17-05.52.57:186][493]LogModuleManager: Shutting down and abandoning module MovieSceneTracks (352)
[2017.06.17-05.52.57:186][493]LogModuleManager: Shutting down and abandoning module MovieScene (350)
[2017.06.17-05.52.57:186][493]LogModuleManager: Shutting down and abandoning module Niagara (348)
[2017.06.17-05.52.57:186][493]LogModuleManager: Shutting down and abandoning module NiagaraEditor (347)
[2017.06.17-05.52.57:186][493]LogModuleManager: Shutting down and abandoning module StreamingPauseRendering (344)
[2017.06.17-05.52.57:186][493]LogModuleManager: Shutting down and abandoning module AnalyticsET (342)
[2017.06.17-05.52.57:186][493]LogModuleManager: Shutting down and abandoning module PortalServices (340)
[2017.06.17-05.52.57:186][493]LogModuleManager: Shutting down and abandoning module PortalRpc (338)
[2017.06.17-05.52.57:186][493]LogModuleManager: Shutting down and abandoning module MessagingRpc (336)
[2017.06.17-05.52.57:186][493]LogModuleManager: Shutting down and abandoning module AIModule (334)
[2017.06.17-05.52.57:186][493]LogModuleManager: Shutting down and abandoning module GameplayDebugger (333)
[2017.06.17-05.52.57:186][493]LogModuleManager: Shutting down and abandoning module AITestSuite (331)
[2017.06.17-05.52.57:187][493]LogModuleManager: Shutting down and abandoning module ProfilerService (328)
[2017.06.17-05.52.57:199][493]LogModuleManager: Shutting down and abandoning module TaskGraph (326)
[2017.06.17-05.52.57:199][493]LogModuleManager: Shutting down and abandoning module SteamVRController (324)
[2017.06.17-05.52.57:199][493]LogModuleManager: Shutting down and abandoning module SteamVR (322)
[2017.06.17-05.52.57:199][493]LogModuleManager: Shutting down and abandoning module ProceduralMeshComponentEditor (320)
[2017.06.17-05.52.57:199][493]LogModuleManager: Shutting down and abandoning module ProceduralMeshComponent (318)
[2017.06.17-05.52.57:199][493]LogModuleManager: Shutting down and abandoning module OculusLibrary (316)
[2017.06.17-05.52.57:199][493]LogModuleManager: Shutting down and abandoning module OculusInput (314)
[2017.06.17-05.52.57:199][493]LogModuleManager: Shutting down and abandoning module MobilePatchingUtils (312)
[2017.06.17-05.52.57:199][493]LogModuleManager: Shutting down and abandoning module CustomMeshComponent (310)
[2017.06.17-05.52.57:199][493]LogModuleManager: Shutting down and abandoning module CableComponent (308)
[2017.06.17-05.52.57:199][493]LogModuleManager: Shutting down and abandoning module ArchVisCharacter (306)
[2017.06.17-05.52.57:200][493]LogModuleManager: Shutting down and abandoning module AndroidPermission (304)
[2017.06.17-05.52.57:200][493]LogModuleManager: Shutting down and abandoning module MediaPlayerEditor (300)
[2017.06.17-05.52.57:200][493]LogModuleManager: Shutting down and abandoning module HTML5Networking (298)
[2017.06.17-05.52.57:200][493]LogModuleManager: Shutting down and abandoning module AlembicImporter (296)
[2017.06.17-05.52.57:200][493]LogModuleManager: Shutting down and abandoning module AlembicLibrary (295)
[2017.06.17-05.52.57:200][493]LogModuleManager: Shutting down and abandoning module GeometryCache (294)
[2017.06.17-05.52.57:200][493]LogModuleManager: Shutting down and abandoning module GeometryCacheEd (293)
[2017.06.17-05.52.57:200][493]LogModuleManager: Shutting down and abandoning module SuperSearchEditor (288)
[2017.06.17-05.52.57:200][493]LogModuleManager: Shutting down and abandoning module SuperSearch (287)
[2017.06.17-05.52.57:200][493]LogModuleManager: Shutting down and abandoning module SpeedTreeImporter (284)
[2017.06.17-05.52.57:200][493]LogModuleManager: Shutting down and abandoning module PluginBrowser (282)
[2017.06.17-05.52.57:200][493]LogModuleManager: Shutting down and abandoning module MobileLauncherProfileWizard (280)
[2017.06.17-05.52.57:200][493]LogModuleManager: Shutting down and abandoning module VisualStudioSourceCodeAccess (278)
[2017.06.17-05.52.57:200][493]LogModuleManager: Shutting down and abandoning module DesktopPlatform (277)
[2017.06.17-05.52.57:200][493]LogModuleManager: Shutting down and abandoning module UObjectPlugin (274)
[2017.06.17-05.52.57:200][493]LogModuleManager: Shutting down and abandoning module SubversionSourceControl (272)
[2017.06.17-05.52.57:200][493]LogModuleManager: Shutting down and abandoning module PerforceSourceControl (270)
[2017.06.17-05.52.57:200][493]LogModuleManager: Shutting down and abandoning module GitSourceControl (268)
[2017.06.17-05.52.57:200][493]LogModuleManager: Shutting down and abandoning module SourceControl (267)
[2017.06.17-05.52.57:200][493]LogModuleManager: Shutting down and abandoning module LightPropagationVolumeEditor (264)
[2017.06.17-05.52.57:200][493]LogModuleManager: Shutting down and abandoning module PaperTiledImporter (262)
[2017.06.17-05.52.57:200][493]LogModuleManager: Shutting down and abandoning module PaperSpriteSheetImporter (260)
[2017.06.17-05.52.57:200][493]LogModuleManager: Shutting down and abandoning module Paper2DEditor (258)
[2017.06.17-05.52.57:200][493]LogModuleManager: Shutting down and abandoning module MeshPaint (257)
[2017.06.17-05.52.57:200][493]LogModuleManager: Shutting down and abandoning module LevelEditor (255)
[2017.06.17-05.52.57:201][493]LogModuleManager: Shutting down and abandoning module PixelInspectorModule (254)
[2017.06.17-05.52.57:201][493]LogModuleManager: Shutting down and abandoning module MainFrame (252)
[2017.06.17-05.52.57:201][493]LogModuleManager: Shutting down and abandoning module HotReload (251)
[2017.06.17-05.52.57:202][493]LogModuleManager: Shutting down and abandoning module PhysXVehiclesEditor (246)
[2017.06.17-05.52.57:202][493]LogModuleManager: Shutting down and abandoning module PhysXVehicles (244)
[2017.06.17-05.52.57:202][493]LogModuleManager: Shutting down and abandoning module LocationServicesBPLibrary (242)
[2017.06.17-05.52.57:202][493]LogModuleManager: Shutting down and abandoning module ImmediatePhysicsEditor (240)
[2017.06.17-05.52.57:202][493]LogModuleManager: Shutting down and abandoning module ImmediatePhysics (238)
[2017.06.17-05.52.57:202][493]LogModuleManager: Shutting down and abandoning module UdpMessaging (236)
[2017.06.17-05.52.57:302][493]LogModuleManager: Shutting down and abandoning module TcpMessaging (234)
[2017.06.17-05.52.57:403][493]LogModuleManager: Shutting down and abandoning module GameplayTagsEditor (232)
[2017.06.17-05.52.57:403][493]LogModuleManager: Shutting down and abandoning module FacialAnimationEditor (230)
[2017.06.17-05.52.57:403][493]LogModuleManager: Shutting down and abandoning module FacialAnimation (228)
[2017.06.17-05.52.57:403][493]LogModuleManager: Shutting down and abandoning module AssetManagerEditor (226)
[2017.06.17-05.52.57:403][493]LogModuleManager: Shutting down and abandoning module GraphEditor (225)
[2017.06.17-05.52.57:403][493]LogModuleManager: Shutting down and abandoning module ContentBrowser (223)
[2017.06.17-05.52.57:404][493]LogModuleManager: Shutting down and abandoning module LightPropagationVolumeRuntime (220)
[2017.06.17-05.52.57:404][493]LogModuleManager: Shutting down and abandoning module Paper2D (218)
[2017.06.17-05.52.57:404][493]LogModuleManager: Shutting down and abandoning module WindowsMoviePlayer (216)
[2017.06.17-05.52.57:404][493]LogModuleManager: Shutting down and abandoning module WmfMedia (214)
[2017.06.17-05.52.57:404][493]LogModuleManager: Shutting down and abandoning module ClothingSystemEditor (212)
[2017.06.17-05.52.57:404][493]LogModuleManager: Shutting down and abandoning module ClothingSystemRuntime (210)
[2017.06.17-05.52.57:404][493]LogModuleManager: Shutting down and abandoning module MediaAssets (208)
[2017.06.17-05.52.57:404][493]LogModuleManager: Shutting down and abandoning module GameLiveStreaming (206)
[2017.06.17-05.52.57:404][493]LogModuleManager: Shutting down and abandoning module VREditor (204)
[2017.06.17-05.52.57:404][493]LogModuleManager: Shutting down and abandoning module StringTableEditor (202)
[2017.06.17-05.52.57:404][493]LogModuleManager: Shutting down and abandoning module GameplayTasksEditor (200)
[2017.06.17-05.52.57:404][493]LogModuleManager: Shutting down and abandoning module BehaviorTreeEditor (198)
[2017.06.17-05.52.57:404][493]LogModuleManager: Shutting down and abandoning module FunctionalTesting (196)
[2017.06.17-05.52.57:404][493]LogModuleManager: Shutting down and abandoning module CollisionAnalyzer (194)
[2017.06.17-05.52.57:404][493]LogModuleManager: Shutting down and abandoning module UMG (192)
[2017.06.17-05.52.57:404][493]LogModuleManager: Shutting down and abandoning module UMGEditor (191)
[2017.06.17-05.52.57:404][493]LogModuleManager: Shutting down and abandoning module Sequencer (190)
[2017.06.17-05.52.57:404][493]LogModuleManager: Shutting down and abandoning module AssetTools (188)
[2017.06.17-05.52.57:404][493]LogModuleManager: Shutting down and abandoning module MessageLog (187)
[2017.06.17-05.52.57:405][493]LogModuleManager: Shutting down and abandoning module WorkspaceMenuStructure (186)
[2017.06.17-05.52.57:405][493]LogModuleManager: Shutting down and abandoning module SlateReflector (180)
[2017.06.17-05.52.57:405][493]LogModuleManager: Shutting down and abandoning module Slate (178)
[2017.06.17-05.52.57:405][493]LogModuleManager: Shutting down and abandoning module EditorStyle (176)
[2017.06.17-05.52.57:406][493]LogModuleManager: Shutting down and abandoning module SourceCodeAccess (174)
[2017.06.17-05.52.57:406][493]LogModuleManager: Shutting down and abandoning module HeadMountedDisplay (172)
[2017.06.17-05.52.57:406][493]LogModuleManager: Shutting down and abandoning module XAudio2 (170)
[2017.06.17-05.52.57:406][493]LogModuleManager: Shutting down and abandoning module Networking (168)
[2017.06.17-05.52.57:406][493]LogModuleManager: Shutting down and abandoning module Core (164)
[2017.06.17-05.52.57:406][493]LogModuleManager: Shutting down and abandoning module AssetRegistry (162)
[2017.06.17-05.52.57:569][493]LogDirectoryWatcher: A directory notification for '../../../Engine/Content/' was aborted.
[2017.06.17-05.52.57:569][493]LogDirectoryWatcher: A directory notification for '../../../../../../Development/Unreal Projects/SuperHot/Content/' was aborted.
[2017.06.17-05.52.57:569][493]LogDirectoryWatcher: A directory notification for '../../../Engine/Plugins/2D/Paper2D/Content/' was aborted.
[2017.06.17-05.52.57:569][493]LogDirectoryWatcher: A directory notification for '../../../Engine/Plugins/Runtime/GearVR/Content/' was aborted.
[2017.06.17-05.52.57:571][493]LogModuleManager: Shutting down and abandoning module DirectoryWatcher (161)
[2017.06.17-05.52.57:571][493]LogModuleManager: Shutting down and abandoning module KismetCompiler (158)
[2017.06.17-05.52.57:571][493]LogModuleManager: Shutting down and abandoning module LevelSequence (156)
[2017.06.17-05.52.57:571][493]LogModuleManager: Shutting down and abandoning module PhysXFormats (154)
[2017.06.17-05.52.57:571][493]LogModuleManager: Shutting down and abandoning module MeshUtilities (152)
[2017.06.17-05.52.57:571][493]LogModuleManager: Shutting down and abandoning module SimplygonSwarm (151)
[2017.06.17-05.52.57:571][493]LogModuleManager: Shutting down and abandoning module SimplygonMeshReduction (149)
[2017.06.17-05.52.57:571][493]LogModuleManager: Shutting down and abandoning module QuadricMeshReduction (147)
[2017.06.17-05.52.57:571][493]LogModuleManager: Shutting down and abandoning module DerivedDataCache (144)
[2017.06.17-05.52.57:625][493]LogDerivedDataCache: Shutdown
[2017.06.17-05.52.57:625][493]LogModuleManager: Shutting down and abandoning module TargetPlatform (142)
[2017.06.17-05.52.57:625][493]LogModuleManager: Shutting down and abandoning module VulkanShaderFormat (141)
[2017.06.17-05.52.57:625][493]LogModuleManager: Shutting down and abandoning module ShaderFormatVectorVM (139)
[2017.06.17-05.52.57:625][493]LogModuleManager: Shutting down and abandoning module ShaderFormatOpenGL (137)
[2017.06.17-05.52.57:625][493]LogModuleManager: Shutting down and abandoning module ShaderFormatD3D (135)
[2017.06.17-05.52.57:625][493]LogModuleManager: Shutting down and abandoning module MetalShaderFormat (133)
[2017.06.17-05.52.57:625][493]LogModuleManager: Shutting down and abandoning module TextureFormatUncompressed (131)
[2017.06.17-05.52.57:625][493]LogModuleManager: Shutting down and abandoning module TextureFormatPVR (129)
[2017.06.17-05.52.57:625][493]LogModuleManager: Shutting down and abandoning module TextureFormatDXT (127)
[2017.06.17-05.52.57:625][493]LogModuleManager: Shutting down and abandoning module TextureFormatIntelISPCTexComp (125)
[2017.06.17-05.52.57:625][493]LogModuleManager: Shutting down and abandoning module TextureFormatASTC (123)
[2017.06.17-05.52.57:625][493]LogModuleManager: Shutting down and abandoning module ImageWrapper (122)
[2017.06.17-05.52.57:625][493]LogModuleManager: Shutting down and abandoning module TextureFormatAndroid (119)
[2017.06.17-05.52.57:625][493]LogModuleManager: Shutting down and abandoning module AudioFormatOpus (117)
[2017.06.17-05.52.57:625][493]LogModuleManager: Shutting down and abandoning module AudioFormatOgg (115)
[2017.06.17-05.52.57:625][493]LogModuleManager: Shutting down and abandoning module AudioFormatADPCM (113)
[2017.06.17-05.52.57:625][493]LogModuleManager: Shutting down and abandoning module LinuxTargetPlatform (111)
[2017.06.17-05.52.57:625][493]LogModuleManager: Shutting down and abandoning module LinuxServerTargetPlatform (109)
[2017.06.17-05.52.57:625][493]LogModuleManager: Shutting down and abandoning module LinuxNoEditorTargetPlatform (107)
[2017.06.17-05.52.57:625][493]LogModuleManager: Shutting down and abandoning module LinuxClientTargetPlatform (105)
[2017.06.17-05.52.57:625][493]LogModuleManager: Shutting down and abandoning module TVOSTargetPlatform (103)
[2017.06.17-05.52.57:625][493]LogModuleManager: Shutting down and abandoning module Messaging (101)
[2017.06.17-05.52.57:625][493]LogModuleManager: Shutting down and abandoning module IOSTargetPlatform (99)
[2017.06.17-05.52.57:625][493]LogModuleManager: Shutting down and abandoning module HTML5TargetPlatform (97)
[2017.06.17-05.52.57:625][493]LogModuleManager: Shutting down and abandoning module Android_PVRTCTargetPlatform (95)
[2017.06.17-05.52.57:625][493]LogModuleManager: Shutting down and abandoning module Android_MultiTargetPlatform (93)
[2017.06.17-05.52.57:625][493]LogModuleManager: Shutting down and abandoning module Android_ETC2TargetPlatform (91)
[2017.06.17-05.52.57:625][493]LogModuleManager: Shutting down and abandoning module Android_ETC1TargetPlatform (89)
[2017.06.17-05.52.57:625][493]LogModuleManager: Shutting down and abandoning module Android_DXTTargetPlatform (87)
[2017.06.17-05.52.57:625][493]LogModuleManager: Shutting down and abandoning module Android_ATCTargetPlatform (85)
[2017.06.17-05.52.57:625][493]LogModuleManager: Shutting down and abandoning module Android_ASTCTargetPlatform (83)
[2017.06.17-05.52.57:625][493]LogModuleManager: Shutting down and abandoning module AndroidTargetPlatform (81)
[2017.06.17-05.52.57:625][493]LogModuleManager: Shutting down and abandoning module WindowsTargetPlatform (79)
[2017.06.17-05.52.57:625][493]LogModuleManager: Shutting down and abandoning module WindowsServerTargetPlatform (77)
[2017.06.17-05.52.57:626][493]LogModuleManager: Shutting down and abandoning module WindowsNoEditorTargetPlatform (75)
[2017.06.17-05.52.57:626][493]LogModuleManager: Shutting down and abandoning module WindowsClientTargetPlatform (73)
[2017.06.17-05.52.57:626][493]LogModuleManager: Shutting down and abandoning module MacTargetPlatform (71)
[2017.06.17-05.52.57:626][493]LogModuleManager: Shutting down and abandoning module MacServerTargetPlatform (69)
[2017.06.17-05.52.57:626][493]LogModuleManager: Shutting down and abandoning module MacNoEditorTargetPlatform (67)
[2017.06.17-05.52.57:626][493]LogModuleManager: Shutting down and abandoning module MacClientTargetPlatform (65)
[2017.06.17-05.52.57:626][493]LogModuleManager: Shutting down and abandoning module AllDesktopTargetPlatform (63)
[2017.06.17-05.52.57:626][493]LogModuleManager: Shutting down and abandoning module InputCore (60)
[2017.06.17-05.52.57:626][493]LogModuleManager: Shutting down and abandoning module Settings (58)
[2017.06.17-05.52.57:626][493]LogModuleManager: Shutting down and abandoning module OculusRift (56)
[2017.06.17-05.52.57:626][493]LogModuleManager: Shutting down and abandoning module GearVRController (54)
[2017.06.17-05.52.57:626][493]LogModuleManager: Shutting down and abandoning module GearVR (52)
[2017.06.17-05.52.57:626][493]LogModuleManager: Shutting down and abandoning module ExampleDeviceProfileSelector (50)
[2017.06.17-05.52.57:626][493]LogModuleManager: Shutting down and abandoning module OnlineBlueprintSupport (48)
[2017.06.17-05.52.57:626][493]LogModuleManager: Shutting down and abandoning module OnlineSubsystem (44)
[2017.06.17-05.52.57:626][493]LogOnline:Display: Unloading online subsystem: NULL
[2017.06.17-05.52.57:626][493]LogModuleManager: Shutting down and abandoning module XMPP (43)
[2017.06.17-05.52.57:626][493]LogModuleManager: Shutting down and abandoning module HTTP (41)
[2017.06.17-05.52.57:626][493]LogHttp:Display: Http module shutting down, but needs to wait on 1 outstanding Http requests:
[2017.06.17-05.52.57:626][493]LogHttp:Display: 	verb=[POST] url=[https://datarouter.ol.epicgames.com/datarouter/api/v1/public/data?SessionID=%7BD7639E60-4428-B2BC-8CAB-0BBCF1465192%7D&AppID=UEEditor.Rocket.Release&AppVersion=4.16.1-3466753%2B%2B%2BUE4%2BRelease-4.16&UserID=d28a3d3b4df7ef23b7214e8438757f82%7C8af3971f54b541dfb4d7a0764e707c94%7C78469ec3-4932-4818-8234-e268c5314cc7&AppEnvironment=datacollector-binary&UploadType=eteventstream] status=Processing
[2017.06.17-05.52.57:633][493]LogModuleManager: Shutting down and abandoning module SSL (40)
[2017.06.17-05.52.57:634][493]LogModuleManager: Shutting down and abandoning module HTTPChunkInstaller (36)
[2017.06.17-05.52.57:634][493]LogModuleManager: Shutting down and abandoning module AnimationModifiers (34)
[2017.06.17-05.52.57:635][493]LogModuleManager: Shutting down and abandoning module PropertyEditor (33)
[2017.06.17-05.52.57:635][493]LogModuleManager: Shutting down and abandoning module AudioEditor (30)
[2017.06.17-05.52.57:635][493]LogModuleManager: Shutting down and abandoning module TextureCompressor (28)
[2017.06.17-05.52.57:635][493]LogModuleManager: Shutting down and abandoning module ShaderCore (26)
[2017.06.17-05.52.57:635][493]LogModuleManager: Shutting down and abandoning module Landscape (24)
[2017.06.17-05.52.57:635][493]LogModuleManager: Shutting down and abandoning module SlateRHIRenderer (22)
[2017.06.17-05.52.57:635][493]LogModuleManager: Shutting down and abandoning module OpenGLDrv (20)
[2017.06.17-05.52.57:635][493]LogModuleManager: Shutting down and abandoning module D3D11RHI (18)
[2017.06.17-05.52.57:635][493]LogModuleManager: Shutting down and abandoning module AnimGraphRuntime (16)
[2017.06.17-05.52.57:635][493]LogModuleManager: Shutting down and abandoning module Renderer (14)
[2017.06.17-05.52.57:635][493]LogModuleManager: Shutting down and abandoning module Engine (12)
[2017.06.17-05.52.57:635][493]LogModuleManager: Shutting down and abandoning module CoreUObject (10)
[2017.06.17-05.52.57:635][493]LogModuleManager: Shutting down and abandoning module NetworkFile (8)
[2017.06.17-05.52.57:635][493]LogModuleManager: Shutting down and abandoning module StreamingFile (6)
[2017.06.17-05.52.57:635][493]LogModuleManager: Shutting down and abandoning module SandboxFile (4)
[2017.06.17-05.52.57:635][493]LogModuleManager: Shutting down and abandoning module PakFile (2)
[2017.06.17-05.52.57:637][493]LogExit: Exiting.
[2017.06.17-05.52.57:642][493]Log file closed, 06/16/17 22:52:57
